0 info it worked if it ends with ok
1 verbose cli [ '/usr/bin/nodejs',
1 verbose cli   '/usr/bin/npm',
1 verbose cli   'i',
1 verbose cli   '--save-dev',
1 verbose cli   'webpack@1.14.0',
1 verbose cli   'wepack-dev-server@1.16.2' ]
2 info using npm@4.1.1
3 info using node@v6.3.1
4 silly loadCurrentTree Starting
5 silly install loadCurrentTree
6 silly install readLocalPackageData
7 silly fetchPackageMetaData webpack@1.14.0
8 silly fetchPackageMetaData wepack-dev-server@1.16.2
9 silly fetchNamedPackageData webpack
10 silly mapToRegistry name webpack
11 silly mapToRegistry using default registry
12 silly mapToRegistry registry https://registry.npmjs.org/
13 silly mapToRegistry data Result {
13 silly mapToRegistry   raw: 'webpack',
13 silly mapToRegistry   scope: null,
13 silly mapToRegistry   escapedName: 'webpack',
13 silly mapToRegistry   name: 'webpack',
13 silly mapToRegistry   rawSpec: '',
13 silly mapToRegistry   spec: 'latest',
13 silly mapToRegistry   type: 'tag' }
14 silly mapToRegistry uri https://registry.npmjs.org/webpack
15 silly fetchNamedPackageData wepack-dev-server
16 silly mapToRegistry name wepack-dev-server
17 silly mapToRegistry using default registry
18 silly mapToRegistry registry https://registry.npmjs.org/
19 silly mapToRegistry data Result {
19 silly mapToRegistry   raw: 'wepack-dev-server',
19 silly mapToRegistry   scope: null,
19 silly mapToRegistry   escapedName: 'wepack-dev-server',
19 silly mapToRegistry   name: 'wepack-dev-server',
19 silly mapToRegistry   rawSpec: '',
19 silly mapToRegistry   spec: 'latest',
19 silly mapToRegistry   type: 'tag' }
20 silly mapToRegistry uri https://registry.npmjs.org/wepack-dev-server
21 verbose request uri https://registry.npmjs.org/wepack-dev-server
22 verbose request no auth needed
23 info attempt registry request try #1 at 8:57:18 PM
24 verbose request id c38fb553dafed89c
25 http request GET https://registry.npmjs.org/wepack-dev-server
26 verbose request uri https://registry.npmjs.org/webpack
27 verbose request no auth needed
28 info attempt registry request try #1 at 8:57:18 PM
29 verbose etag W/"58c30ade-e4c30"
30 verbose lastModified Fri, 10 Mar 2017 20:21:50 GMT
31 http request GET https://registry.npmjs.org/webpack
32 http 200 https://registry.npmjs.org/webpack
33 verbose headers { server: 'nginx/1.10.1',
33 verbose headers   'content-type': 'application/json',
33 verbose headers   'last-modified': 'Wed, 15 Mar 2017 23:02:38 GMT',
33 verbose headers   etag: 'W/"58c9c80e-e4c4e"',
33 verbose headers   'content-encoding': 'gzip',
33 verbose headers   'cache-control': 'max-age=300',
33 verbose headers   'content-length': '48784',
33 verbose headers   'accept-ranges': 'bytes',
33 verbose headers   date: 'Wed, 15 Mar 2017 23:57:18 GMT',
33 verbose headers   via: '1.1 varnish',
33 verbose headers   age: '179',
33 verbose headers   connection: 'keep-alive',
33 verbose headers   'x-served-by': 'cache-gru7126-GRU',
33 verbose headers   'x-cache': 'HIT',
33 verbose headers   'x-cache-hits': '4',
33 verbose headers   'x-timer': 'S1489622238.999626,VS0,VE0',
33 verbose headers   vary: 'Accept-Encoding' }
34 silly get cb [ 200,
34 silly get   { server: 'nginx/1.10.1',
34 silly get     'content-type': 'application/json',
34 silly get     'last-modified': 'Wed, 15 Mar 2017 23:02:38 GMT',
34 silly get     etag: 'W/"58c9c80e-e4c4e"',
34 silly get     'content-encoding': 'gzip',
34 silly get     'cache-control': 'max-age=300',
34 silly get     'content-length': '48784',
34 silly get     'accept-ranges': 'bytes',
34 silly get     date: 'Wed, 15 Mar 2017 23:57:18 GMT',
34 silly get     via: '1.1 varnish',
34 silly get     age: '179',
34 silly get     connection: 'keep-alive',
34 silly get     'x-served-by': 'cache-gru7126-GRU',
34 silly get     'x-cache': 'HIT',
34 silly get     'x-cache-hits': '4',
34 silly get     'x-timer': 'S1489622238.999626,VS0,VE0',
34 silly get     vary: 'Accept-Encoding' } ]
35 verbose get saving webpack to /home/maycon/.npm/registry.npmjs.org/webpack/.cache.json
36 verbose correctMkdir /home/maycon/.npm correctMkdir not in flight; initializing
37 silly pickManifestFromRegistryMetadata spec 1.14.0 tag latest versions [ '0.1.0',
37 silly pickManifestFromRegistryMetadata   '0.1.1',
37 silly pickManifestFromRegistryMetadata   '0.1.2',
37 silly pickManifestFromRegistryMetadata   '0.1.3',
37 silly pickManifestFromRegistryMetadata   '0.1.4',
37 silly pickManifestFromRegistryMetadata   '0.1.5',
37 silly pickManifestFromRegistryMetadata   '0.1.6',
37 silly pickManifestFromRegistryMetadata   '0.2.0',
37 silly pickManifestFromRegistryMetadata   '0.2.1',
37 silly pickManifestFromRegistryMetadata   '0.2.2',
37 silly pickManifestFromRegistryMetadata   '0.2.3',
37 silly pickManifestFromRegistryMetadata   '0.2.4',
37 silly pickManifestFromRegistryMetadata   '0.2.6',
37 silly pickManifestFromRegistryMetadata   '0.2.7',
37 silly pickManifestFromRegistryMetadata   '0.2.8',
37 silly pickManifestFromRegistryMetadata   '0.3.0',
37 silly pickManifestFromRegistryMetadata   '0.3.1',
37 silly pickManifestFromRegistryMetadata   '0.3.2',
37 silly pickManifestFromRegistryMetadata   '0.3.3',
37 silly pickManifestFromRegistryMetadata   '0.3.4',
37 silly pickManifestFromRegistryMetadata   '0.3.6',
37 silly pickManifestFromRegistryMetadata   '0.3.7',
37 silly pickManifestFromRegistryMetadata   '0.3.8',
37 silly pickManifestFromRegistryMetadata   '0.3.9',
37 silly pickManifestFromRegistryMetadata   '0.3.10',
37 silly pickManifestFromRegistryMetadata   '0.3.11',
37 silly pickManifestFromRegistryMetadata   '0.3.12',
37 silly pickManifestFromRegistryMetadata   '0.3.13',
37 silly pickManifestFromRegistryMetadata   '0.3.14',
37 silly pickManifestFromRegistryMetadata   '0.3.15',
37 silly pickManifestFromRegistryMetadata   '0.3.16',
37 silly pickManifestFromRegistryMetadata   '0.3.17',
37 silly pickManifestFromRegistryMetadata   '0.3.18',
37 silly pickManifestFromRegistryMetadata   '0.3.19',
37 silly pickManifestFromRegistryMetadata   '0.3.20',
37 silly pickManifestFromRegistryMetadata   '0.4.0',
37 silly pickManifestFromRegistryMetadata   '0.4.1',
37 silly pickManifestFromRegistryMetadata   '0.4.2',
37 silly pickManifestFromRegistryMetadata   '0.4.3',
37 silly pickManifestFromRegistryMetadata   '0.4.4',
37 silly pickManifestFromRegistryMetadata   '0.4.5',
37 silly pickManifestFromRegistryMetadata   '0.4.6',
37 silly pickManifestFromRegistryMetadata   '0.4.7',
37 silly pickManifestFromRegistryMetadata   '0.4.8',
37 silly pickManifestFromRegistryMetadata   '0.4.9',
37 silly pickManifestFromRegistryMetadata   '0.4.10',
37 silly pickManifestFromRegistryMetadata   '0.4.11',
37 silly pickManifestFromRegistryMetadata   '0.4.12',
37 silly pickManifestFromRegistryMetadata   '0.4.13',
37 silly pickManifestFromRegistryMetadata   '0.4.14',
37 silly pickManifestFromRegistryMetadata   '0.4.15',
37 silly pickManifestFromRegistryMetadata   '0.4.16',
37 silly pickManifestFromRegistryMetadata   '0.4.17',
37 silly pickManifestFromRegistryMetadata   '0.4.18',
37 silly pickManifestFromRegistryMetadata   '0.4.19',
37 silly pickManifestFromRegistryMetadata   '0.4.20',
37 silly pickManifestFromRegistryMetadata   '0.4.21',
37 silly pickManifestFromRegistryMetadata   '0.4.23',
37 silly pickManifestFromRegistryMetadata   '0.4.24',
37 silly pickManifestFromRegistryMetadata   '0.4.25',
37 silly pickManifestFromRegistryMetadata   '0.5.0',
37 silly pickManifestFromRegistryMetadata   '0.5.1',
37 silly pickManifestFromRegistryMetadata   '0.5.2',
37 silly pickManifestFromRegistryMetadata   '0.5.3',
37 silly pickManifestFromRegistryMetadata   '0.5.4',
37 silly pickManifestFromRegistryMetadata   '0.5.5',
37 silly pickManifestFromRegistryMetadata   '0.5.6',
37 silly pickManifestFromRegistryMetadata   '0.5.7',
37 silly pickManifestFromRegistryMetadata   '0.5.8',
37 silly pickManifestFromRegistryMetadata   '0.5.10',
37 silly pickManifestFromRegistryMetadata   '0.6.0',
37 silly pickManifestFromRegistryMetadata   '0.6.1',
37 silly pickManifestFromRegistryMetadata   '0.6.2',
37 silly pickManifestFromRegistryMetadata   '0.7.0-beta',
37 silly pickManifestFromRegistryMetadata   '0.7.0-beta2',
37 silly pickManifestFromRegistryMetadata   '0.7.0-beta3',
37 silly pickManifestFromRegistryMetadata   '0.7.0-beta4',
37 silly pickManifestFromRegistryMetadata   '0.7.0-beta5',
37 silly pickManifestFromRegistryMetadata   '0.7.0-beta6',
37 silly pickManifestFromRegistryMetadata   '0.7.0-beta7',
37 silly pickManifestFromRegistryMetadata   '0.7.0-beta8',
37 silly pickManifestFromRegistryMetadata   '0.7.0',
37 silly pickManifestFromRegistryMetadata   '0.7.1',
37 silly pickManifestFromRegistryMetadata   '0.7.2',
37 silly pickManifestFromRegistryMetadata   '0.7.3',
37 silly pickManifestFromRegistryMetadata   '0.7.4',
37 silly pickManifestFromRegistryMetadata   '0.7.5',
37 silly pickManifestFromRegistryMetadata   '0.7.6',
37 silly pickManifestFromRegistryMetadata   '0.7.7',
37 silly pickManifestFromRegistryMetadata   '0.7.8',
37 silly pickManifestFromRegistryMetadata   '0.7.9',
37 silly pickManifestFromRegistryMetadata   '0.7.11',
37 silly pickManifestFromRegistryMetadata   '0.7.12',
37 silly pickManifestFromRegistryMetadata   '0.7.13',
37 silly pickManifestFromRegistryMetadata   '0.7.14',
37 silly pickManifestFromRegistryMetadata   '0.7.15',
37 silly pickManifestFromRegistryMetadata   '0.7.16',
37 silly pickManifestFromRegistryMetadata   '0.7.17',
37 silly pickManifestFromRegistryMetadata   '0.8.0-beta1',
37 silly pickManifestFromRegistryMetadata   '0.8.0-beta2',
37 silly pickManifestFromRegistryMetadata   ... 338 more items ]
38 http 404 https://registry.npmjs.org/wepack-dev-server
39 verbose headers { 'content-type': 'application/json',
39 verbose headers   'cache-control': 'max-age=0',
39 verbose headers   'content-length': '2',
39 verbose headers   'accept-ranges': 'bytes',
39 verbose headers   date: 'Wed, 15 Mar 2017 23:57:20 GMT',
39 verbose headers   via: '1.1 varnish',
39 verbose headers   age: '0',
39 verbose headers   connection: 'keep-alive',
39 verbose headers   'x-served-by': 'cache-gru7122-GRU',
39 verbose headers   'x-cache': 'MISS',
39 verbose headers   'x-cache-hits': '0',
39 verbose headers   'x-timer': 'S1489622238.981917,VS0,VE1361',
39 verbose headers   vary: 'Accept-Encoding' }
40 silly get cb [ 404,
40 silly get   { 'content-type': 'application/json',
40 silly get     'cache-control': 'max-age=0',
40 silly get     'content-length': '2',
40 silly get     'accept-ranges': 'bytes',
40 silly get     date: 'Wed, 15 Mar 2017 23:57:20 GMT',
40 silly get     via: '1.1 varnish',
40 silly get     age: '0',
40 silly get     connection: 'keep-alive',
40 silly get     'x-served-by': 'cache-gru7122-GRU',
40 silly get     'x-cache': 'MISS',
40 silly get     'x-cache-hits': '0',
40 silly get     'x-timer': 'S1489622238.981917,VS0,VE1361',
40 silly get     vary: 'Accept-Encoding' } ]
41 silly fetchPackageMetaData Error: Registry returned 404 for GET on https://registry.npmjs.org/wepack-dev-server
41 silly fetchPackageMetaData     at makeError (/usr/lib/node_modules/npm/node_modules/npm-registry-client/lib/request.js:304:12)
41 silly fetchPackageMetaData     at CachingRegistryClient.<anonymous> (/usr/lib/node_modules/npm/node_modules/npm-registry-client/lib/request.js:282:14)
41 silly fetchPackageMetaData     at Request._callback (/usr/lib/node_modules/npm/node_modules/npm-registry-client/lib/request.js:212:14)
41 silly fetchPackageMetaData     at Request.self.callback (/usr/lib/node_modules/npm/node_modules/request/request.js:186:22)
41 silly fetchPackageMetaData     at emitTwo (events.js:106:13)
41 silly fetchPackageMetaData     at Request.emit (events.js:191:7)
41 silly fetchPackageMetaData     at Request.<anonymous> (/usr/lib/node_modules/npm/node_modules/request/request.js:1081:10)
41 silly fetchPackageMetaData     at emitOne (events.js:96:13)
41 silly fetchPackageMetaData     at Request.emit (events.js:188:7)
41 silly fetchPackageMetaData     at IncomingMessage.<anonymous> (/usr/lib/node_modules/npm/node_modules/request/request.js:1001:12)
41 silly fetchPackageMetaData  error for wepack-dev-server@1.16.2 { Error: Registry returned 404 for GET on https://registry.npmjs.org/wepack-dev-server
41 silly fetchPackageMetaData     at makeError (/usr/lib/node_modules/npm/node_modules/npm-registry-client/lib/request.js:304:12)
41 silly fetchPackageMetaData     at CachingRegistryClient.<anonymous> (/usr/lib/node_modules/npm/node_modules/npm-registry-client/lib/request.js:282:14)
41 silly fetchPackageMetaData     at Request._callback (/usr/lib/node_modules/npm/node_modules/npm-registry-client/lib/request.js:212:14)
41 silly fetchPackageMetaData     at Request.self.callback (/usr/lib/node_modules/npm/node_modules/request/request.js:186:22)
41 silly fetchPackageMetaData     at emitTwo (events.js:106:13)
41 silly fetchPackageMetaData     at Request.emit (events.js:191:7)
41 silly fetchPackageMetaData     at Request.<anonymous> (/usr/lib/node_modules/npm/node_modules/request/request.js:1081:10)
41 silly fetchPackageMetaData     at emitOne (events.js:96:13)
41 silly fetchPackageMetaData     at Request.emit (events.js:188:7)
41 silly fetchPackageMetaData     at IncomingMessage.<anonymous> (/usr/lib/node_modules/npm/node_modules/request/request.js:1001:12) pkgid: 'wepack-dev-server', statusCode: 404, code: 'E404' }
42 silly rollbackFailedOptional Starting
43 silly rollbackFailedOptional Finishing
44 silly runTopLevelLifecycles Finishing
45 silly install printInstalled
46 verbose stack Error: Registry returned 404 for GET on https://registry.npmjs.org/wepack-dev-server
46 verbose stack     at makeError (/usr/lib/node_modules/npm/node_modules/npm-registry-client/lib/request.js:304:12)
46 verbose stack     at CachingRegistryClient.<anonymous> (/usr/lib/node_modules/npm/node_modules/npm-registry-client/lib/request.js:282:14)
46 verbose stack     at Request._callback (/usr/lib/node_modules/npm/node_modules/npm-registry-client/lib/request.js:212:14)
46 verbose stack     at Request.self.callback (/usr/lib/node_modules/npm/node_modules/request/request.js:186:22)
46 verbose stack     at emitTwo (events.js:106:13)
46 verbose stack     at Request.emit (events.js:191:7)
46 verbose stack     at Request.<anonymous> (/usr/lib/node_modules/npm/node_modules/request/request.js:1081:10)
46 verbose stack     at emitOne (events.js:96:13)
46 verbose stack     at Request.emit (events.js:188:7)
46 verbose stack     at IncomingMessage.<anonymous> (/usr/lib/node_modules/npm/node_modules/request/request.js:1001:12)
47 verbose statusCode 404
48 verbose pkgid wepack-dev-server
49 verbose cwd /home/maycon/dev/curso-react-e-redux/todo-app
50 error Linux 4.4.0-3-deepin-amd64
51 error argv "/usr/bin/nodejs" "/usr/bin/npm" "i" "--save-dev" "webpack@1.14.0" "wepack-dev-server@1.16.2"
52 error node v6.3.1
53 error npm  v4.1.1
54 error code E404
55 error 404 Registry returned 404 for GET on https://registry.npmjs.org/wepack-dev-server
56 error 404
57 error 404 'wepack-dev-server' is not in the npm registry.
58 error 404 You should bug the author to publish it (or use the name yourself!)
59 error 404 Note that you can also install from a
60 error 404 tarball, folder, http url, or git url.
61 verbose exit [ 1, true ]
